Running: C:\Xilinx\14.7\ISE_DS\ISE\bin\nt64\unwrapped\fuse.exe -intstyle ise -incremental -lib secureip -o C:/MyStuff/College/Universidad Tecnologica de Panama/Year IV/Microprocesadores/Laboratorios/Clock5MHZ/Contador0_9_test_isim_beh.exe -prj C:/MyStuff/College/Universidad Tecnologica de Panama/Year IV/Microprocesadores/Laboratorios/Clock5MHZ/Contador0_9_test_beh.prj work.Contador0_9_test 
ISim P.20131013 (signature 0x7708f090)
Number of CPUs detected in this system: 4
Turning on mult-threading, number of parallel sub-compilation jobs: 8 
Determining compilation order of HDL files
Parsing VHDL file "C:/MyStuff/College/Universidad Tecnologica de Panama/Year IV/Microprocesadores/Laboratorios/Clock5MHZ/Reloj50_5.vhd" into library work
Parsing VHDL file "C:/MyStuff/College/Universidad Tecnologica de Panama/Year IV/Microprocesadores/Laboratorios/Clock5MHZ/Contador0_9test.vhd" into library work
Starting static elaboration
WARNING:HDLCompiler:89 - "C:/MyStuff/College/Universidad Tecnologica de Panama/Year IV/Microprocesadores/Laboratorios/Clock5MHZ/Reloj50_5.vhd" Line 22: <counter0_9> remains a black-box since it has no binding entity.
Completed static elaboration
WARNING:Simulator:648 - "C:/MyStuff/College/Universidad Tecnologica de Panama/Year IV/Microprocesadores/Laboratorios/Clock5MHZ/Reloj50_5.vhd" Line 22. Instance counter0_9 is unbound
Compiling package standard
Compiling package std_logic_1164
Compiling architecture behavioral of entity Contador0_9 [contador0_9_default]
Compiling architecture behavior of entity contador0_9_test
Time Resolution for simulation is 1ps.
Waiting for 1 sub-compilation(s) to finish...
Compiled 5 VHDL Units
Built simulation executable C:/MyStuff/College/Universidad Tecnologica de Panama/Year IV/Microprocesadores/Laboratorios/Clock5MHZ/Contador0_9_test_isim_beh.exe
Fuse Memory Usage: 30040 KB
Fuse CPU Usage: 1015 ms
