ISim log file
Running: C:\MyStuff\College\Universidad Tecnologica de Panama\Year IV\Microprocesadores\Laboratorios\Clock5MHZ\Contador0_9_test_isim_beh.exe -intstyle ise -gui -tclbatch isim.cmd -wdb C:/MyStuff/College/Universidad Tecnologica de Panama/Year IV/Microprocesadores/Laboratorios/Clock5MHZ/Contador0_9_test_isim_beh.wdb 
ISim P.20131013 (signature 0x7708f090)
This is a Full version of ISim.
Time resolution is 1 ps
# onerror resume
# wave add /
# run 1000 ns
Simulator is doing circuit initialization process.
Finished circuit initialization process.
# restart
# run 1.00us
Simulator is doing circuit initialization process.
Finished circuit initialization process.
# run 1.00us
# run 1.00us
# run 1.00us
# run 1.00us
# restart
# isim force add /contador0_9_test/q 0000 -radix bin
# run 10ns
Simulator is doing circuit initialization process.
Finished circuit initialization process.
# isim force add /contador0_9_test/thresh 0 -radix bin
# run 10ns
# isim force add /contador0_9_test/q 0001 -radix bin
# run 10ns
# isim force add /contador0_9_test/q 0010 -radix bin
# run 10ns
# isim force add /contador0_9_test/q 0011 -radix bin
# run 10ns
# isim force add /contador0_9_test/q 0100 -radix bin
# run 10ns
# isim force add /contador0_9_test/q 0101 -radix bin
